{"$message_type":"diagnostic","message":"linking with `cc` failed: exit status: 1","code":null,"level":"error","spans":[],"children":[{"message":" \"cc\" \"-m64\" \"<1 object files omitted>\" \"-Wl,--as-needed\" \"-Wl,-Bstatic\" \"<sysroot>/lib/rustlib/x86_64-unknown-linux-gnu/lib/libcompiler_builtins-*.rlib\" \"-L\" \"/tmp/rustcJsQHV2/raw-dylibs\" \"-Wl,-Bdynamic\" \"-B<sysroot>/lib/rustlib/x86_64-unknown-linux-gnu/bin/gcc-ld\" \"-fuse-ld=lld\" \"-Wl,--eh-frame-hdr\" \"-Wl,-z,noexecstack\" \"-L\" \"/home/jonatan/RUST/RUST-AND-STM32/examples/timer2_blink/target/release/build/cortex-m-rt-d317f402ad5fb56c/out\" \"-L\" \"/home/jonatan/RUST/RUST-AND-STM32/examples/timer2_blink/target/release/build/stm32l4-0bf1fe869dfd6501/out\" \"-L\" \"<sysroot>/lib/rustlib/x86_64-unknown-linux-gnu/lib\" \"-o\" \"/home/jonatan/RUST/RUST-AND-STM32/examples/timer2_blink/target/release/deps/timer2_blink-d81c3d3f105bb9fd\" \"-Wl,--gc-sections\" \"-pie\" \"-Wl,-z,relro,-z,now\" \"-Wl,--strip-debug\" \"-nodefaultlibs\"","code":null,"level":"note","spans":[],"children":[],"rendered":null},{"message":"some arguments are omitted. use `--verbose` to show all linker arguments","code":null,"level":"note","spans":[],"children":[],"rendered":null},{"message":"rust-lld: error: undefined symbol: __primask_r\n>>> referenced by timer2_blink.9a2c3900102a8311-cgu.0\n>>>               /home/jonatan/RUST/RUST-AND-STM32/examples/timer2_blink/target/release/deps/timer2_blink-d81c3d3f105bb9fd.timer2_blink.9a2c3900102a8311-cgu.0.rcgu.o:(timer2_blink::__cortex_m_rt_main::hb81dab04ce693901)\n\nrust-lld: error: undefined symbol: __cpsid\n>>> referenced by timer2_blink.9a2c3900102a8311-cgu.0\n>>>               /home/jonatan/RUST/RUST-AND-STM32/examples/timer2_blink/target/release/deps/timer2_blink-d81c3d3f105bb9fd.timer2_blink.9a2c3900102a8311-cgu.0.rcgu.o:(timer2_blink::__cortex_m_rt_main::hb81dab04ce693901)\n\nrust-lld: error: undefined symbol: __cpsie\n>>> referenced by timer2_blink.9a2c3900102a8311-cgu.0\n>>>               /home/jonatan/RUST/RUST-AND-STM32/examples/timer2_blink/target/release/deps/timer2_blink-d81c3d3f105bb9fd.timer2_blink.9a2c3900102a8311-cgu.0.rcgu.o:(timer2_blink::__cortex_m_rt_main::hb81dab04ce693901)\n\nrust-lld: error: undefined symbol: __libc_start_main\n>>> referenced by /usr/lib/gcc/x86_64-linux-gnu/11/../../../x86_64-linux-gnu/Scrt1.o:(_start)\ncollect2: error: ld returned 1 exit status\n","code":null,"level":"note","spans":[],"children":[],"rendered":null}],"rendered":"\u001b[1m\u001b[91merror\u001b[0m\u001b[1m: linking with `cc` failed: exit status: 1\u001b[0m\n  \u001b[1m\u001b[94m|\u001b[0m\n  \u001b[1m\u001b[94m= \u001b[0m\u001b[1mnote\u001b[0m:  \"cc\" \"-m64\" \"<1 object files omitted>\" \"-Wl,--as-needed\" \"-Wl,-Bstatic\" \"<sysroot>/lib/rustlib/x86_64-unknown-linux-gnu/lib/libcompiler_builtins-*.rlib\" \"-L\" \"/tmp/rustcJsQHV2/raw-dylibs\" \"-Wl,-Bdynamic\" \"-B<sysroot>/lib/rustlib/x86_64-unknown-linux-gnu/bin/gcc-ld\" \"-fuse-ld=lld\" \"-Wl,--eh-frame-hdr\" \"-Wl,-z,noexecstack\" \"-L\" \"/home/jonatan/RUST/RUST-AND-STM32/examples/timer2_blink/target/release/build/cortex-m-rt-d317f402ad5fb56c/out\" \"-L\" \"/home/jonatan/RUST/RUST-AND-STM32/examples/timer2_blink/target/release/build/stm32l4-0bf1fe869dfd6501/out\" \"-L\" \"<sysroot>/lib/rustlib/x86_64-unknown-linux-gnu/lib\" \"-o\" \"/home/jonatan/RUST/RUST-AND-STM32/examples/timer2_blink/target/release/deps/timer2_blink-d81c3d3f105bb9fd\" \"-Wl,--gc-sections\" \"-pie\" \"-Wl,-z,relro,-z,now\" \"-Wl,--strip-debug\" \"-nodefaultlibs\"\n  \u001b[1m\u001b[94m= \u001b[0m\u001b[1mnote\u001b[0m: some arguments are omitted. use `--verbose` to show all linker arguments\n  \u001b[1m\u001b[94m= \u001b[0m\u001b[1mnote\u001b[0m: rust-lld: error: undefined symbol: __primask_r\n          >>> referenced by timer2_blink.9a2c3900102a8311-cgu.0\n          >>>               /home/jonatan/RUST/RUST-AND-STM32/examples/timer2_blink/target/release/deps/timer2_blink-d81c3d3f105bb9fd.timer2_blink.9a2c3900102a8311-cgu.0.rcgu.o:(timer2_blink::__cortex_m_rt_main::hb81dab04ce693901)\n          \n          rust-lld: error: undefined symbol: __cpsid\n          >>> referenced by timer2_blink.9a2c3900102a8311-cgu.0\n          >>>               /home/jonatan/RUST/RUST-AND-STM32/examples/timer2_blink/target/release/deps/timer2_blink-d81c3d3f105bb9fd.timer2_blink.9a2c3900102a8311-cgu.0.rcgu.o:(timer2_blink::__cortex_m_rt_main::hb81dab04ce693901)\n          \n          rust-lld: error: undefined symbol: __cpsie\n          >>> referenced by timer2_blink.9a2c3900102a8311-cgu.0\n          >>>               /home/jonatan/RUST/RUST-AND-STM32/examples/timer2_blink/target/release/deps/timer2_blink-d81c3d3f105bb9fd.timer2_blink.9a2c3900102a8311-cgu.0.rcgu.o:(timer2_blink::__cortex_m_rt_main::hb81dab04ce693901)\n          \n          rust-lld: error: undefined symbol: __libc_start_main\n          >>> referenced by /usr/lib/gcc/x86_64-linux-gnu/11/../../../x86_64-linux-gnu/Scrt1.o:(_start)\n          collect2: error: ld returned 1 exit status\n          \n\n"}
{"$message_type":"diagnostic","message":"aborting due to 1 previous error","code":null,"level":"error","spans":[],"children":[],"rendered":"\u001b[1m\u001b[91merror\u001b[0m\u001b[1m: aborting due to 1 previous error\u001b[0m\n\n"}
